<?xml version="1.0" encoding="UTF-8"?>
<!-- Generated by org.testng.reporters.JUnitReportReporter -->
<testsuite hostname="I-107140.local" name="testng.Morethan1testcase" tests="1" failures="0" timestamp="28 Jul 2015 10:54:42 GMT" time="3.078" errors="0">
  <testcase name="f" time="3.078" classname="testng.Morethan1testcase"/>
</testsuite> <!-- testng.Morethan1testcase -->
