<?xml version="1.0" encoding="UTF-8"?>
<!-- Generated by org.testng.reporters.JUnitReportReporter -->
<testsuite hostname="I-107140.local" name="testng.NewTest" tests="1" failures="0" timestamp="28 Jul 2015 09:45:21 GMT" time="4.346" errors="0">
  <testcase name="testcase" time="4.346" classname="testng.NewTest"/>
</testsuite> <!-- testng.NewTest -->
