<?xml version="1.0" encoding="UTF-8"?>
<!-- Generated by org.testng.reporters.JUnitReportReporter -->
<testsuite hostname="I-107140.local" name="testng.Singletestcase" tests="2" failures="0" timestamp="28 Jul 2015 10:54:42 GMT" time="8.237" errors="0">
  <testcase name="testcase1" time="4.636" classname="testng.Singletestcase"/>
  <testcase name="testcase2" time="3.601" classname="testng.Singletestcase"/>
</testsuite> <!-- testng.Singletestcase -->
